<?xml version="1.0" encoding="UTF-8"?>
<!-- Generated by org.testng.reporters.JUnitReportReporter -->
<testsuite hostname="LapWinX-TEST01" failures="0" tests="1" name="Common.BaseClass" time="8.044" errors="0" timestamp="2021-12-08T11:30:20 IST" skipped="0">
  <testcase classname="Common.BaseClass" name="driver_initialize" time="8.044"/>
  <system-out/>
</testsuite> <!-- Common.BaseClass -->
