<?xml version="1.0" encoding="UTF-8"?>
<!-- Generated by org.testng.reporters.JUnitReportReporter -->
<testsuite hostname="LapWinX-TEST01" failures="0" tests="1" name="Functions.login" time="8.721" errors="0" timestamp="2021-12-15T14:55:56 IST" skipped="0">
  <testcase classname="Functions.login" name="login" time="8.721"/>
  <system-out/>
</testsuite> <!-- Functions.login -->
