<?xml version="1.0" encoding="UTF-8"?>
<!-- Generated by org.testng.reporters.JUnitReportReporter -->
<testsuite hostname="LapWinX-TEST01" failures="0" tests="1" name="Functions.leave" time="4.193" errors="0" timestamp="2021-12-15T14:55:56 IST" skipped="0">
  <testcase classname="Functions.leave" name="leave" time="4.193"/>
  <system-out/>
</testsuite> <!-- Functions.leave -->
